Matched 1268 image-mask pairs.
Matched 544 image-mask pairs.
Traceback (most recent call last):
  File "/home/aniemcz/cavsResnetUNet/UNet_ResNetEncoder_SmallCav/train.py", line 102, in <module>
    for images, masks in train_loader:
  File "/home/aniemcz/.conda/envs/universal/lib/python3.12/site-packages/torch/utils/data/dataloader.py", line 631, in __next__
    data = self._next_data()
           ^^^^^^^^^^^^^^^^^
  File "/home/aniemcz/.conda/envs/universal/lib/python3.12/site-packages/torch/utils/data/dataloader.py", line 675, in _next_data
    data = self._dataset_fetcher.fetch(index)  # may raise StopIteration
           ^^^^^^^^^^^^^^^^^^^^^^^^^^^^^^^^^^
  File "/home/aniemcz/.conda/envs/universal/lib/python3.12/site-packages/torch/utils/data/_utils/fetch.py", line 51, in fetch
    data = [self.dataset[idx] for idx in possibly_batched_index]
            ~~~~~~~~~~~~^^^^^
  File "/home/aniemcz/cavsResnetUNet/UNet_ResNetEncoder_SmallCav/train.py", line 85, in __getitem__
    image, mask = self.transforms(image, mask)
                  ^^^^^^^^^^^^^^^^^^^^^^^^^^^^
  File "/home/aniemcz/cavsResnetUNet/UNet_ResNetEncoder_SmallCav/train.py", line 47, in __call__
    image = rand_erase(image)
            ^^^^^^^^^^^^^^^^^
  File "/home/aniemcz/.conda/envs/universal/lib/python3.12/site-packages/torch/nn/modules/module.py", line 1511, in _wrapped_call_impl
    return self._call_impl(*args, **kwargs)
           ^^^^^^^^^^^^^^^^^^^^^^^^^^^^^^^^
  File "/home/aniemcz/.conda/envs/universal/lib/python3.12/site-packages/torch/nn/modules/module.py", line 1520, in _call_impl
    return forward_call(*args, **kwargs)
           ^^^^^^^^^^^^^^^^^^^^^^^^^^^^^
  File "/home/aniemcz/.conda/envs/universal/lib/python3.12/site-packages/torchvision/transforms/transforms.py", line 1737, in forward
    x, y, h, w, v = self.get_params(img, scale=self.scale, ratio=self.ratio, value=value)
                    ^^^^^^^^^^^^^^^^^^^^^^^^^^^^^^^^^^^^^^^^^^^^^^^^^^^^^^^^^^^^^^^^^^^^^
  File "/home/aniemcz/.conda/envs/universal/lib/python3.12/site-packages/torchvision/transforms/transforms.py", line 1686, in get_params
    img_c, img_h, img_w = img.shape[-3], img.shape[-2], img.shape[-1]
                          ^^^^^^^^^
AttributeError: 'Image' object has no attribute 'shape'. Did you mean: 'save'?
